<?xml version="1.0" encoding="UTF-8"?>
<testsuite name="powerpackage.PowerFinderTest" tests="4" skipped="0" failures="0" errors="0" timestamp="2024-04-12T09:49:42" hostname="DESKTOP-TICE1IG" time="0.012">
  <properties/>
  <testcase name="oneRaisedToOneIsOne" classname="powerpackage.PowerFinderTest" time="0.007"/>
  <testcase name="twoRaisedToOneIsTwo" classname="powerpackage.PowerFinderTest" time="0.001"/>
  <testcase name="twoPowerThreeIsEight" classname="powerpackage.PowerFinderTest" time="0.001"/>
  <testcase name="twoPowerFourIsSixteen" classname="powerpackage.PowerFinderTest" time="0.0"/>
  <system-out><![CDATA[]]></system-out>
  <system-err><![CDATA[]]></system-err>
</testsuite>
