<?xml version="1.0" encoding="UTF-8"?>
<testsuite name="powerpackage.PowerFinderTest" tests="4" skipped="0" failures="0" errors="0" timestamp="2024-04-17T13:36:59" hostname="DESKTOP-TICE1IG" time="0.021">
  <properties/>
  <testcase name="shouldReturnEightWhenTwoIsRaisedToThree" classname="powerpackage.PowerFinderTest" time="0.013"/>
  <testcase name="shouldReturnSixteenWhenTwoIsRaisedToFour" classname="powerpackage.PowerFinderTest" time="0.001"/>
  <testcase name="shouldReturnOneWhenOneIsRaisedToOne" classname="powerpackage.PowerFinderTest" time="0.0"/>
  <testcase name="shouldReturnTwoWhenTwoIsRaisedToOne" classname="powerpackage.PowerFinderTest" time="0.0"/>
  <system-out><![CDATA[]]></system-out>
  <system-err><![CDATA[]]></system-err>
</testsuite>
